<?xml version="1.0" encoding="UTF-8"?>
<!-- Generated by org.testng.reporters.JUnitReportReporter -->
<testsuite hostname="fpkincedoqcw33" failures="0" tests="1" name="com.Amazon.testcases.HomePageTest" time="24.902" errors="0" timestamp="2023-05-11T08:19:56 PDT" skipped="0">
  <testcase classname="com.Amazon.testcases.HomePageTest" name="HomePageTitleTest" time="24.902"/>
  <system-out/>
</testsuite> <!-- com.Amazon.testcases.HomePageTest -->
